<?xml version="1.0" encoding="UTF-8"?>
<testng-results skipped="0" failed="0" ignored="0" total="4" passed="4">
  <reporter-output>
  </reporter-output>
  <suite name="Test-class Suite" duration-ms="56337" started-at="2019-09-06T15:26:15Z" finished-at="2019-09-06T15:27:11Z">
    <groups>
    </groups>
    <test name="Test1" duration-ms="49535" started-at="2019-09-06T15:26:15Z" finished-at="2019-09-06T15:27:05Z">
      <class name="com.cheapticket.flightBooking.Booking_One_Way_Flight">
        <test-method status="PASS" signature="configSetup()[pri:0, instance:com.cheapticket.flightBooking.Booking_One_Way_Flight@1794d431]" name="configSetup" is-config="true" duration-ms="12698" started-at="2019-09-06T15:26:15Z" finished-at="2019-09-06T15:26:28Z">
          <reporter-output>
          </reporter-output>
        </test-method> <!-- configSetup -->
        <test-method status="PASS" signature="readytorun()[pri:1, instance:com.cheapticket.flightBooking.Booking_One_Way_Flight@1794d431]" name="readytorun" duration-ms="258" started-at="2019-09-06T15:26:28Z" finished-at="2019-09-06T15:26:28Z">
          <reporter-output>
          </reporter-output>
        </test-method> <!-- readytorun -->
        <test-method status="PASS" signature="homePage([Ljava.lang.String;)[pri:2, instance:com.cheapticket.flightBooking.Booking_One_Way_Flight@1794d431]" name="homePage" duration-ms="33308" started-at="2019-09-06T15:26:29Z" data-provider="Read_data_Provider" finished-at="2019-09-06T15:27:03Z">
          <params>
            <param index="0">
              <value>
                <![CDATA[[Ljava.lang.String;@74b8c28a]]>
              </value>
            </param>
          </params>
          <reporter-output>
          </reporter-output>
        </test-method> <!-- homePage -->
        <test-method status="PASS" signature="quitDown()[pri:0, instance:com.cheapticket.flightBooking.Booking_One_Way_Flight@1794d431]" name="quitDown" is-config="true" duration-ms="1924" started-at="2019-09-06T15:27:03Z" finished-at="2019-09-06T15:27:05Z">
          <reporter-output>
          </reporter-output>
        </test-method> <!-- quitDown -->
      </class> <!-- com.cheapticket.flightBooking.Booking_One_Way_Flight -->
    </test> <!-- Test1 -->
    <test name="Test2" duration-ms="56337" started-at="2019-09-06T15:26:15Z" finished-at="2019-09-06T15:27:11Z">
      <class name="com.cheapticket.flightBooking.Booking_Two_Way_Flight">
        <test-method status="PASS" signature="configSetup()[pri:0, instance:com.cheapticket.flightBooking.Booking_Two_Way_Flight@5bcab519]" name="configSetup" is-config="true" duration-ms="11837" started-at="2019-09-06T15:26:15Z" finished-at="2019-09-06T15:26:27Z">
          <reporter-output>
          </reporter-output>
        </test-method> <!-- configSetup -->
        <test-method status="PASS" signature="readytorun()[pri:1, instance:com.cheapticket.flightBooking.Booking_Two_Way_Flight@5bcab519]" name="readytorun" duration-ms="602" started-at="2019-09-06T15:26:27Z" finished-at="2019-09-06T15:26:28Z">
          <reporter-output>
          </reporter-output>
        </test-method> <!-- readytorun -->
        <test-method status="PASS" signature="homepage([Ljava.lang.String;)[pri:2, instance:com.cheapticket.flightBooking.Booking_Two_Way_Flight@5bcab519]" name="homepage" duration-ms="40045" started-at="2019-09-06T15:26:29Z" data-provider="Read_data_Provider" finished-at="2019-09-06T15:27:09Z">
          <params>
            <param index="0">
              <value>
                <![CDATA[[Ljava.lang.String;@3396da40]]>
              </value>
            </param>
          </params>
          <reporter-output>
          </reporter-output>
        </test-method> <!-- homepage -->
        <test-method status="PASS" signature="tearDown()[pri:0, instance:com.cheapticket.flightBooking.Booking_Two_Way_Flight@5bcab519]" name="tearDown" is-config="true" duration-ms="1984" started-at="2019-09-06T15:27:09Z" finished-at="2019-09-06T15:27:11Z">
          <reporter-output>
          </reporter-output>
        </test-method> <!-- tearDown -->
      </class> <!-- com.cheapticket.flightBooking.Booking_Two_Way_Flight -->
    </test> <!-- Test2 -->
  </suite> <!-- Test-class Suite -->
</testng-results>
